2025-09-05 21:19:09,122 [INFO] org.omnera.GalleryApp.GalleryAppApplication [restartedMain] Starting GalleryAppApplication using Java 17.0.16 with PID 1620 (/Users/pankaj/spring projects/GalleryApp/target/classes started by pankaj in /Users/pankaj/spring projects/GalleryApp)
2025-09-05 21:19:09,124 [INFO] org.omnera.GalleryApp.GalleryAppApplication [restartedMain] No active profile set, falling back to 1 default profile: "default"
2025-09-05 21:19:09,202 [INFO] org.springframework.boot.devtools.env.DevToolsPropertyDefaultsPostProcessor [restartedMain] Devtools property defaults active! Set 'spring.devtools.add-properties' to 'false' to disable
2025-09-05 21:19:09,202 [INFO] org.springframework.boot.devtools.env.DevToolsPropertyDefaultsPostProcessor [restartedMain] For additional web related logging consider setting the 'logging.level.web' property to 'DEBUG'
2025-09-05 21:19:09,444 [INFO] org.springframework.data.repository.config.RepositoryConfigurationDelegate [restartedMain] Bootstrapping Spring Data JPA repositories in DEFAULT mode.
2025-09-05 21:19:09,472 [INFO] org.springframework.data.repository.config.RepositoryConfigurationDelegate [restartedMain] Finished Spring Data repository scanning in 25 ms. Found 3 JPA repository interfaces.
2025-09-05 21:19:09,685 [INFO] org.springframework.boot.web.embedded.tomcat.TomcatWebServer [restartedMain] Tomcat initialized with port 8080 (http)
2025-09-05 21:19:09,690 [INFO] org.apache.catalina.core.StandardService [restartedMain] Starting service [Tomcat]
2025-09-05 21:19:09,690 [INFO] org.apache.catalina.core.StandardEngine [restartedMain] Starting Servlet engine: [Apache Tomcat/10.1.44]
2025-09-05 21:19:09,707 [INFO] org.apache.catalina.core.ContainerBase.[Tomcat].[localhost].[/] [restartedMain] Initializing Spring embedded WebApplicationContext
2025-09-05 21:19:09,707 [INFO] org.springframework.boot.web.servlet.context.ServletWebServerApplicationContext [restartedMain] Root WebApplicationContext: initialization completed in 505 ms
2025-09-05 21:19:09,788 [INFO] org.hibernate.jpa.internal.util.LogHelper [restartedMain] HHH000204: Processing PersistenceUnitInfo [name: default]
2025-09-05 21:19:09,802 [INFO] org.hibernate.Version [restartedMain] HHH000412: Hibernate ORM core version 6.6.26.Final
2025-09-05 21:19:09,813 [INFO] org.hibernate.cache.internal.RegionFactoryInitiator [restartedMain] HHH000026: Second-level cache disabled
2025-09-05 21:19:09,899 [INFO] org.springframework.orm.jpa.persistenceunit.SpringPersistenceUnitInfo [restartedMain] No LoadTimeWeaver setup: ignoring JPA class transformer
2025-09-05 21:19:09,908 [INFO] com.zaxxer.hikari.HikariDataSource [restartedMain] HikariPool-1 - Starting...
2025-09-05 21:19:09,985 [INFO] com.zaxxer.hikari.pool.HikariPool [restartedMain] HikariPool-1 - Added connection conn0: url=jdbc:h2:file:./db/gallery user=ADMIN
2025-09-05 21:19:09,985 [INFO] com.zaxxer.hikari.HikariDataSource [restartedMain] HikariPool-1 - Start completed.
2025-09-05 21:19:10,005 [INFO] org.hibernate.orm.connections.pooling [restartedMain] HHH10001005: Database info:
	Database JDBC URL [Connecting through datasource 'HikariDataSource (HikariPool-1)']
	Database driver: undefined/unknown
	Database version: 2.3.232
	Autocommit mode: undefined/unknown
	Isolation level: undefined/unknown
	Minimum pool size: undefined/unknown
	Maximum pool size: undefined/unknown
2025-09-05 21:19:10,319 [INFO] org.hibernate.engine.transaction.jta.platform.internal.JtaPlatformInitiator [restartedMain] HHH000489: No JTA platform available (set 'hibernate.transaction.jta.platform' to enable JTA platform integration)
2025-09-05 21:19:10,334 [INFO] org.springframework.orm.jpa.LocalContainerEntityManagerFactoryBean [restartedMain] Initialized JPA EntityManagerFactory for persistence unit 'default'
2025-09-05 21:19:10,596 [INFO] org.springframework.security.config.annotation.authentication.configuration.InitializeUserDetailsBeanManagerConfigurer$InitializeUserDetailsManagerConfigurer [restartedMain] Global AuthenticationManager configured with UserDetailsService bean with name accountService
2025-09-05 21:19:10,728 [INFO] org.springframework.boot.autoconfigure.h2.H2ConsoleAutoConfiguration [restartedMain] H2 console available at '/db-console'. Database available at 'jdbc:h2:file:./db/gallery'
2025-09-05 21:19:10,759 [INFO] org.springframework.boot.devtools.autoconfigure.OptionalLiveReloadServer [restartedMain] LiveReload server is running on port 35729
2025-09-05 21:19:10,772 [INFO] org.springframework.boot.web.embedded.tomcat.TomcatWebServer [restartedMain] Tomcat started on port 8080 (http) with context path '/'
2025-09-05 21:19:10,776 [INFO] org.omnera.GalleryApp.GalleryAppApplication [restartedMain] Started GalleryAppApplication in 1.806 seconds (process running for 1.935)
2025-09-05 21:19:27,549 [INFO] org.apache.catalina.core.ContainerBase.[Tomcat].[localhost].[/] [http-nio-8080-exec-1] Initializing Spring DispatcherServlet 'dispatcherServlet'
2025-09-05 21:19:27,549 [INFO] org.springframework.web.servlet.DispatcherServlet [http-nio-8080-exec-1] Initializing Servlet 'dispatcherServlet'
2025-09-05 21:19:27,550 [INFO] org.springframework.web.servlet.DispatcherServlet [http-nio-8080-exec-1] Completed initialization in 1 ms
2025-09-05 21:19:27,564 [ERROR] org.omnera.GalleryApp.controller.HomeRestController [http-nio-8080-exec-1] this is a test error log
2025-09-05 21:19:27,606 [WARN] org.springframework.web.servlet.mvc.support.DefaultHandlerExceptionResolver [http-nio-8080-exec-1] Ignoring exception, response committed already: org.springframework.http.converter.HttpMessageNotWritableException: Could not write JSON: Document nesting depth (1001) exceeds the maximum allowed (1000, from `StreamWriteConstraints.getMaxNestingDepth()`)
2025-09-05 21:19:27,607 [WARN] org.springframework.web.servlet.mvc.support.DefaultHandlerExceptionResolver [http-nio-8080-exec-1] Resolved [org.springframework.http.converter.HttpMessageNotWritableException: Could not write JSON: Document nesting depth (1001) exceeds the maximum allowed (1000, from `StreamWriteConstraints.getMaxNestingDepth()`)]
2025-09-05 21:22:29,269 [INFO] org.springframework.boot.devtools.autoconfigure.LocalDevToolsAutoConfiguration$RestartingClassPathChangeChangedEventListener [File Watcher] Restarting due to 1 class path change (0 additions, 0 deletions, 1 modification)
2025-09-05 21:22:29,272 [INFO] org.springframework.boot.web.embedded.tomcat.GracefulShutdown [Thread-6] Commencing graceful shutdown. Waiting for active requests to complete
2025-09-05 21:22:29,278 [INFO] org.springframework.boot.web.embedded.tomcat.GracefulShutdown [tomcat-shutdown] Graceful shutdown complete
2025-09-05 21:22:29,281 [INFO] org.springframework.orm.jpa.LocalContainerEntityManagerFactoryBean [Thread-6] Closing JPA EntityManagerFactory for persistence unit 'default'
2025-09-05 21:22:29,284 [INFO] com.zaxxer.hikari.HikariDataSource [Thread-6] HikariPool-1 - Shutdown initiated...
2025-09-05 21:22:29,299 [INFO] com.zaxxer.hikari.HikariDataSource [Thread-6] HikariPool-1 - Shutdown completed.
2025-09-05 21:22:29,338 [INFO] org.omnera.GalleryApp.GalleryAppApplication [restartedMain] Starting GalleryAppApplication using Java 17.0.16 with PID 1620 (/Users/pankaj/spring projects/GalleryApp/target/classes started by pankaj in /Users/pankaj/spring projects/GalleryApp)
2025-09-05 21:22:29,338 [INFO] org.omnera.GalleryApp.GalleryAppApplication [restartedMain] No active profile set, falling back to 1 default profile: "default"
2025-09-05 21:22:29,394 [INFO] org.springframework.data.repository.config.RepositoryConfigurationDelegate [restartedMain] Bootstrapping Spring Data JPA repositories in DEFAULT mode.
2025-09-05 21:22:29,397 [INFO] org.springframework.data.repository.config.RepositoryConfigurationDelegate [restartedMain] Finished Spring Data repository scanning in 3 ms. Found 3 JPA repository interfaces.
2025-09-05 21:22:29,431 [INFO] org.springframework.boot.web.embedded.tomcat.TomcatWebServer [restartedMain] Tomcat initialized with port 8080 (http)
2025-09-05 21:22:29,432 [INFO] org.apache.catalina.core.StandardService [restartedMain] Starting service [Tomcat]
2025-09-05 21:22:29,432 [INFO] org.apache.catalina.core.StandardEngine [restartedMain] Starting Servlet engine: [Apache Tomcat/10.1.44]
2025-09-05 21:22:29,436 [INFO] org.apache.catalina.core.ContainerBase.[Tomcat].[localhost].[/] [restartedMain] Initializing Spring embedded WebApplicationContext
2025-09-05 21:22:29,436 [INFO] org.springframework.boot.web.servlet.context.ServletWebServerApplicationContext [restartedMain] Root WebApplicationContext: initialization completed in 97 ms
2025-09-05 21:22:29,454 [INFO] org.hibernate.jpa.internal.util.LogHelper [restartedMain] HHH000204: Processing PersistenceUnitInfo [name: default]
2025-09-05 21:22:29,455 [INFO] org.hibernate.cache.internal.RegionFactoryInitiator [restartedMain] HHH000026: Second-level cache disabled
2025-09-05 21:22:29,458 [INFO] org.springframework.orm.jpa.persistenceunit.SpringPersistenceUnitInfo [restartedMain] No LoadTimeWeaver setup: ignoring JPA class transformer
2025-09-05 21:22:29,458 [INFO] com.zaxxer.hikari.HikariDataSource [restartedMain] HikariPool-2 - Starting...
2025-09-05 21:22:29,463 [INFO] com.zaxxer.hikari.pool.HikariPool [restartedMain] HikariPool-2 - Added connection conn10: url=jdbc:h2:file:./db/gallery user=ADMIN
2025-09-05 21:22:29,463 [INFO] com.zaxxer.hikari.HikariDataSource [restartedMain] HikariPool-2 - Start completed.
2025-09-05 21:22:29,463 [INFO] org.hibernate.orm.connections.pooling [restartedMain] HHH10001005: Database info:
	Database JDBC URL [Connecting through datasource 'HikariDataSource (HikariPool-2)']
	Database driver: undefined/unknown
	Database version: 2.3.232
	Autocommit mode: undefined/unknown
	Isolation level: undefined/unknown
	Minimum pool size: undefined/unknown
	Maximum pool size: undefined/unknown
2025-09-05 21:22:29,494 [INFO] org.hibernate.engine.transaction.jta.platform.internal.JtaPlatformInitiator [restartedMain] HHH000489: No JTA platform available (set 'hibernate.transaction.jta.platform' to enable JTA platform integration)
2025-09-05 21:22:29,499 [INFO] org.springframework.orm.jpa.LocalContainerEntityManagerFactoryBean [restartedMain] Initialized JPA EntityManagerFactory for persistence unit 'default'
2025-09-05 21:22:29,560 [INFO] org.springframework.security.config.annotation.authentication.configuration.InitializeUserDetailsBeanManagerConfigurer$InitializeUserDetailsManagerConfigurer [restartedMain] Global AuthenticationManager configured with UserDetailsService bean with name accountService
2025-09-05 21:22:29,589 [INFO] org.springframework.boot.autoconfigure.h2.H2ConsoleAutoConfiguration [restartedMain] H2 console available at '/db-console'. Database available at 'jdbc:h2:file:./db/gallery'
2025-09-05 21:22:29,595 [INFO] org.springframework.boot.devtools.autoconfigure.OptionalLiveReloadServer [restartedMain] LiveReload server is running on port 35729
2025-09-05 21:22:29,598 [INFO] org.springframework.boot.web.embedded.tomcat.TomcatWebServer [restartedMain] Tomcat started on port 8080 (http) with context path '/'
2025-09-05 21:22:29,599 [INFO] org.omnera.GalleryApp.GalleryAppApplication [restartedMain] Started GalleryAppApplication in 0.273 seconds (process running for 200.757)
2025-09-05 21:22:29,843 [INFO] org.springframework.boot.devtools.autoconfigure.ConditionEvaluationDeltaLoggingListener [restartedMain] Condition evaluation unchanged
2025-09-05 21:22:34,910 [INFO] org.springframework.boot.web.embedded.tomcat.GracefulShutdown [SpringApplicationShutdownHook] Commencing graceful shutdown. Waiting for active requests to complete
2025-09-05 21:22:34,912 [INFO] org.springframework.boot.web.embedded.tomcat.GracefulShutdown [tomcat-shutdown] Graceful shutdown complete
2025-09-05 21:22:34,916 [INFO] org.springframework.orm.jpa.LocalContainerEntityManagerFactoryBean [SpringApplicationShutdownHook] Closing JPA EntityManagerFactory for persistence unit 'default'
2025-09-05 21:22:34,974 [INFO] com.zaxxer.hikari.HikariDataSource [SpringApplicationShutdownHook] HikariPool-2 - Shutdown initiated...
2025-09-05 21:22:35,065 [INFO] com.zaxxer.hikari.HikariDataSource [SpringApplicationShutdownHook] HikariPool-2 - Shutdown completed.
2025-09-05 21:22:35,826 [INFO] org.omnera.GalleryApp.GalleryAppApplication [restartedMain] Starting GalleryAppApplication using Java 17.0.16 with PID 2433 (/Users/pankaj/spring projects/GalleryApp/target/classes started by pankaj in /Users/pankaj/spring projects/GalleryApp)
2025-09-05 21:22:35,827 [INFO] org.omnera.GalleryApp.GalleryAppApplication [restartedMain] No active profile set, falling back to 1 default profile: "default"
2025-09-05 21:22:35,903 [INFO] org.springframework.boot.devtools.env.DevToolsPropertyDefaultsPostProcessor [restartedMain] Devtools property defaults active! Set 'spring.devtools.add-properties' to 'false' to disable
2025-09-05 21:22:35,903 [INFO] org.springframework.boot.devtools.env.DevToolsPropertyDefaultsPostProcessor [restartedMain] For additional web related logging consider setting the 'logging.level.web' property to 'DEBUG'
2025-09-05 21:22:36,112 [INFO] org.springframework.data.repository.config.RepositoryConfigurationDelegate [restartedMain] Bootstrapping Spring Data JPA repositories in DEFAULT mode.
2025-09-05 21:22:36,135 [INFO] org.springframework.data.repository.config.RepositoryConfigurationDelegate [restartedMain] Finished Spring Data repository scanning in 20 ms. Found 3 JPA repository interfaces.
2025-09-05 21:22:36,350 [INFO] org.springframework.boot.web.embedded.tomcat.TomcatWebServer [restartedMain] Tomcat initialized with port 8080 (http)
2025-09-05 21:22:36,355 [INFO] org.apache.catalina.core.StandardService [restartedMain] Starting service [Tomcat]
2025-09-05 21:22:36,355 [INFO] org.apache.catalina.core.StandardEngine [restartedMain] Starting Servlet engine: [Apache Tomcat/10.1.44]
2025-09-05 21:22:36,370 [INFO] org.apache.catalina.core.ContainerBase.[Tomcat].[localhost].[/] [restartedMain] Initializing Spring embedded WebApplicationContext
2025-09-05 21:22:36,370 [INFO] org.springframework.boot.web.servlet.context.ServletWebServerApplicationContext [restartedMain] Root WebApplicationContext: initialization completed in 467 ms
2025-09-05 21:22:36,450 [INFO] org.hibernate.jpa.internal.util.LogHelper [restartedMain] HHH000204: Processing PersistenceUnitInfo [name: default]
2025-09-05 21:22:36,464 [INFO] org.hibernate.Version [restartedMain] HHH000412: Hibernate ORM core version 6.6.26.Final
2025-09-05 21:22:36,475 [INFO] org.hibernate.cache.internal.RegionFactoryInitiator [restartedMain] HHH000026: Second-level cache disabled
2025-09-05 21:22:36,555 [INFO] org.springframework.orm.jpa.persistenceunit.SpringPersistenceUnitInfo [restartedMain] No LoadTimeWeaver setup: ignoring JPA class transformer
2025-09-05 21:22:36,564 [INFO] com.zaxxer.hikari.HikariDataSource [restartedMain] HikariPool-1 - Starting...
2025-09-05 21:22:36,632 [INFO] com.zaxxer.hikari.pool.HikariPool [restartedMain] HikariPool-1 - Added connection conn0: url=jdbc:h2:file:./db/gallery user=ADMIN
2025-09-05 21:22:36,632 [INFO] com.zaxxer.hikari.HikariDataSource [restartedMain] HikariPool-1 - Start completed.
2025-09-05 21:22:36,651 [INFO] org.hibernate.orm.connections.pooling [restartedMain] HHH10001005: Database info:
	Database JDBC URL [Connecting through datasource 'HikariDataSource (HikariPool-1)']
	Database driver: undefined/unknown
	Database version: 2.3.232
	Autocommit mode: undefined/unknown
	Isolation level: undefined/unknown
	Minimum pool size: undefined/unknown
	Maximum pool size: undefined/unknown
2025-09-05 21:22:36,959 [INFO] org.hibernate.engine.transaction.jta.platform.internal.JtaPlatformInitiator [restartedMain] HHH000489: No JTA platform available (set 'hibernate.transaction.jta.platform' to enable JTA platform integration)
2025-09-05 21:22:36,975 [INFO] org.springframework.orm.jpa.LocalContainerEntityManagerFactoryBean [restartedMain] Initialized JPA EntityManagerFactory for persistence unit 'default'
2025-09-05 21:22:37,242 [INFO] org.springframework.security.config.annotation.authentication.configuration.InitializeUserDetailsBeanManagerConfigurer$InitializeUserDetailsManagerConfigurer [restartedMain] Global AuthenticationManager configured with UserDetailsService bean with name accountService
2025-09-05 21:22:37,381 [INFO] org.springframework.boot.autoconfigure.h2.H2ConsoleAutoConfiguration [restartedMain] H2 console available at '/db-console'. Database available at 'jdbc:h2:file:./db/gallery'
2025-09-05 21:22:37,412 [INFO] org.springframework.boot.devtools.autoconfigure.OptionalLiveReloadServer [restartedMain] LiveReload server is running on port 35729
2025-09-05 21:22:37,424 [INFO] org.springframework.boot.web.embedded.tomcat.TomcatWebServer [restartedMain] Tomcat started on port 8080 (http) with context path '/'
2025-09-05 21:22:37,429 [INFO] org.omnera.GalleryApp.GalleryAppApplication [restartedMain] Started GalleryAppApplication in 1.744 seconds (process running for 1.866)
2025-09-05 21:23:33,674 [INFO] org.apache.catalina.core.ContainerBase.[Tomcat].[localhost].[/] [http-nio-8080-exec-1] Initializing Spring DispatcherServlet 'dispatcherServlet'
2025-09-05 21:23:33,675 [INFO] org.springframework.web.servlet.DispatcherServlet [http-nio-8080-exec-1] Initializing Servlet 'dispatcherServlet'
2025-09-05 21:23:33,676 [INFO] org.springframework.web.servlet.DispatcherServlet [http-nio-8080-exec-1] Completed initialization in 1 ms
2025-09-05 21:23:33,689 [ERROR] org.omnera.GalleryApp.controller.HomeRestController [http-nio-8080-exec-1] this is a test error log
2025-09-05 21:28:00,441 [INFO] org.springframework.boot.devtools.autoconfigure.LocalDevToolsAutoConfiguration$RestartingClassPathChangeChangedEventListener [File Watcher] Restarting due to 1 class path change (0 additions, 0 deletions, 1 modification)
2025-09-05 21:28:00,447 [INFO] org.springframework.boot.web.embedded.tomcat.GracefulShutdown [Thread-6] Commencing graceful shutdown. Waiting for active requests to complete
2025-09-05 21:28:00,457 [INFO] org.springframework.boot.web.embedded.tomcat.GracefulShutdown [tomcat-shutdown] Graceful shutdown complete
2025-09-05 21:28:00,462 [INFO] org.springframework.orm.jpa.LocalContainerEntityManagerFactoryBean [Thread-6] Closing JPA EntityManagerFactory for persistence unit 'default'
2025-09-05 21:28:00,467 [INFO] com.zaxxer.hikari.HikariDataSource [Thread-6] HikariPool-1 - Shutdown initiated...
2025-09-05 21:28:00,562 [INFO] com.zaxxer.hikari.HikariDataSource [Thread-6] HikariPool-1 - Shutdown completed.
2025-09-05 21:28:00,600 [INFO] org.omnera.GalleryApp.GalleryAppApplication [restartedMain] Starting GalleryAppApplication using Java 17.0.16 with PID 2433 (/Users/pankaj/spring projects/GalleryApp/target/classes started by pankaj in /Users/pankaj/spring projects/GalleryApp)
2025-09-05 21:28:00,601 [DEBUG] org.omnera.GalleryApp.GalleryAppApplication [restartedMain] Running with Spring Boot v3.5.5, Spring v6.2.10
2025-09-05 21:28:00,601 [INFO] org.omnera.GalleryApp.GalleryAppApplication [restartedMain] No active profile set, falling back to 1 default profile: "default"
2025-09-05 21:28:00,655 [INFO] org.springframework.data.repository.config.RepositoryConfigurationDelegate [restartedMain] Bootstrapping Spring Data JPA repositories in DEFAULT mode.
2025-09-05 21:28:00,659 [INFO] org.springframework.data.repository.config.RepositoryConfigurationDelegate [restartedMain] Finished Spring Data repository scanning in 3 ms. Found 3 JPA repository interfaces.
2025-09-05 21:28:00,732 [INFO] org.springframework.boot.web.embedded.tomcat.TomcatWebServer [restartedMain] Tomcat initialized with port 8080 (http)
2025-09-05 21:28:00,733 [INFO] org.apache.catalina.core.StandardService [restartedMain] Starting service [Tomcat]
2025-09-05 21:28:00,733 [INFO] org.apache.catalina.core.StandardEngine [restartedMain] Starting Servlet engine: [Apache Tomcat/10.1.44]
2025-09-05 21:28:00,738 [INFO] org.apache.catalina.core.ContainerBase.[Tomcat].[localhost].[/] [restartedMain] Initializing Spring embedded WebApplicationContext
2025-09-05 21:28:00,738 [INFO] org.springframework.boot.web.servlet.context.ServletWebServerApplicationContext [restartedMain] Root WebApplicationContext: initialization completed in 137 ms
2025-09-05 21:28:00,757 [INFO] org.hibernate.jpa.internal.util.LogHelper [restartedMain] HHH000204: Processing PersistenceUnitInfo [name: default]
2025-09-05 21:28:00,758 [INFO] org.hibernate.cache.internal.RegionFactoryInitiator [restartedMain] HHH000026: Second-level cache disabled
2025-09-05 21:28:00,761 [INFO] org.springframework.orm.jpa.persistenceunit.SpringPersistenceUnitInfo [restartedMain] No LoadTimeWeaver setup: ignoring JPA class transformer
2025-09-05 21:28:00,761 [INFO] com.zaxxer.hikari.HikariDataSource [restartedMain] HikariPool-2 - Starting...
2025-09-05 21:28:00,764 [INFO] com.zaxxer.hikari.pool.HikariPool [restartedMain] HikariPool-2 - Added connection conn10: url=jdbc:h2:file:./db/gallery user=ADMIN
2025-09-05 21:28:00,764 [INFO] com.zaxxer.hikari.HikariDataSource [restartedMain] HikariPool-2 - Start completed.
2025-09-05 21:28:00,764 [INFO] org.hibernate.orm.connections.pooling [restartedMain] HHH10001005: Database info:
	Database JDBC URL [Connecting through datasource 'HikariDataSource (HikariPool-2)']
	Database driver: undefined/unknown
	Database version: 2.3.232
	Autocommit mode: undefined/unknown
	Isolation level: undefined/unknown
	Minimum pool size: undefined/unknown
	Maximum pool size: undefined/unknown
2025-09-05 21:28:00,794 [INFO] org.hibernate.engine.transaction.jta.platform.internal.JtaPlatformInitiator [restartedMain] HHH000489: No JTA platform available (set 'hibernate.transaction.jta.platform' to enable JTA platform integration)
2025-09-05 21:28:00,798 [INFO] org.springframework.orm.jpa.LocalContainerEntityManagerFactoryBean [restartedMain] Initialized JPA EntityManagerFactory for persistence unit 'default'
2025-09-05 21:28:00,863 [INFO] org.springframework.security.config.annotation.authentication.configuration.InitializeUserDetailsBeanManagerConfigurer$InitializeUserDetailsManagerConfigurer [restartedMain] Global AuthenticationManager configured with UserDetailsService bean with name accountService
2025-09-05 21:28:00,893 [INFO] org.springframework.boot.autoconfigure.h2.H2ConsoleAutoConfiguration [restartedMain] H2 console available at '/db-console'. Database available at 'jdbc:h2:file:./db/gallery'
2025-09-05 21:28:00,899 [INFO] org.springframework.boot.devtools.autoconfigure.OptionalLiveReloadServer [restartedMain] LiveReload server is running on port 35729
2025-09-05 21:28:00,902 [INFO] org.springframework.boot.web.embedded.tomcat.TomcatWebServer [restartedMain] Tomcat started on port 8080 (http) with context path '/'
2025-09-05 21:28:00,904 [INFO] org.omnera.GalleryApp.GalleryAppApplication [restartedMain] Started GalleryAppApplication in 0.315 seconds (process running for 325.341)
2025-09-05 21:28:01,149 [INFO] org.springframework.boot.devtools.autoconfigure.ConditionEvaluationDeltaLoggingListener [restartedMain] Condition evaluation unchanged
2025-09-05 21:28:03,325 [INFO] org.springframework.boot.devtools.autoconfigure.LocalDevToolsAutoConfiguration$RestartingClassPathChangeChangedEventListener [File Watcher] Restarting due to 1 class path change (0 additions, 0 deletions, 1 modification)
2025-09-05 21:28:03,325 [INFO] org.springframework.boot.web.embedded.tomcat.GracefulShutdown [Thread-8] Commencing graceful shutdown. Waiting for active requests to complete
2025-09-05 21:28:03,326 [INFO] org.springframework.boot.web.embedded.tomcat.GracefulShutdown [tomcat-shutdown] Graceful shutdown complete
2025-09-05 21:28:03,328 [INFO] org.springframework.orm.jpa.LocalContainerEntityManagerFactoryBean [Thread-8] Closing JPA EntityManagerFactory for persistence unit 'default'
2025-09-05 21:28:03,329 [INFO] com.zaxxer.hikari.HikariDataSource [Thread-8] HikariPool-2 - Shutdown initiated...
2025-09-05 21:28:03,371 [INFO] com.zaxxer.hikari.HikariDataSource [Thread-8] HikariPool-2 - Shutdown completed.
2025-09-05 21:28:03,401 [INFO] org.omnera.GalleryApp.GalleryAppApplication [restartedMain] Starting GalleryAppApplication using Java 17.0.16 with PID 2433 (/Users/pankaj/spring projects/GalleryApp/target/classes started by pankaj in /Users/pankaj/spring projects/GalleryApp)
2025-09-05 21:28:03,401 [DEBUG] org.omnera.GalleryApp.GalleryAppApplication [restartedMain] Running with Spring Boot v3.5.5, Spring v6.2.10
2025-09-05 21:28:03,402 [INFO] org.omnera.GalleryApp.GalleryAppApplication [restartedMain] No active profile set, falling back to 1 default profile: "default"
2025-09-05 21:28:03,448 [INFO] org.springframework.data.repository.config.RepositoryConfigurationDelegate [restartedMain] Bootstrapping Spring Data JPA repositories in DEFAULT mode.
2025-09-05 21:28:03,453 [INFO] org.springframework.data.repository.config.RepositoryConfigurationDelegate [restartedMain] Finished Spring Data repository scanning in 5 ms. Found 3 JPA repository interfaces.
2025-09-05 21:28:03,486 [INFO] org.springframework.boot.web.embedded.tomcat.TomcatWebServer [restartedMain] Tomcat initialized with port 8080 (http)
2025-09-05 21:28:03,486 [INFO] org.apache.catalina.core.StandardService [restartedMain] Starting service [Tomcat]
2025-09-05 21:28:03,486 [INFO] org.apache.catalina.core.StandardEngine [restartedMain] Starting Servlet engine: [Apache Tomcat/10.1.44]
2025-09-05 21:28:03,490 [INFO] org.apache.catalina.core.ContainerBase.[Tomcat].[localhost].[/] [restartedMain] Initializing Spring embedded WebApplicationContext
2025-09-05 21:28:03,490 [INFO] org.springframework.boot.web.servlet.context.ServletWebServerApplicationContext [restartedMain] Root WebApplicationContext: initialization completed in 87 ms
2025-09-05 21:28:03,506 [INFO] org.hibernate.jpa.internal.util.LogHelper [restartedMain] HHH000204: Processing PersistenceUnitInfo [name: default]
2025-09-05 21:28:03,507 [INFO] org.hibernate.cache.internal.RegionFactoryInitiator [restartedMain] HHH000026: Second-level cache disabled
2025-09-05 21:28:03,509 [INFO] org.springframework.orm.jpa.persistenceunit.SpringPersistenceUnitInfo [restartedMain] No LoadTimeWeaver setup: ignoring JPA class transformer
2025-09-05 21:28:03,509 [INFO] com.zaxxer.hikari.HikariDataSource [restartedMain] HikariPool-3 - Starting...
2025-09-05 21:28:03,511 [INFO] com.zaxxer.hikari.pool.HikariPool [restartedMain] HikariPool-3 - Added connection conn20: url=jdbc:h2:file:./db/gallery user=ADMIN
2025-09-05 21:28:03,511 [INFO] com.zaxxer.hikari.HikariDataSource [restartedMain] HikariPool-3 - Start completed.
2025-09-05 21:28:03,511 [INFO] org.hibernate.orm.connections.pooling [restartedMain] HHH10001005: Database info:
	Database JDBC URL [Connecting through datasource 'HikariDataSource (HikariPool-3)']
	Database driver: undefined/unknown
	Database version: 2.3.232
	Autocommit mode: undefined/unknown
	Isolation level: undefined/unknown
	Minimum pool size: undefined/unknown
	Maximum pool size: undefined/unknown
2025-09-05 21:28:03,542 [INFO] org.hibernate.engine.transaction.jta.platform.internal.JtaPlatformInitiator [restartedMain] HHH000489: No JTA platform available (set 'hibernate.transaction.jta.platform' to enable JTA platform integration)
2025-09-05 21:28:03,545 [INFO] org.springframework.orm.jpa.LocalContainerEntityManagerFactoryBean [restartedMain] Initialized JPA EntityManagerFactory for persistence unit 'default'
2025-09-05 21:28:03,610 [INFO] org.springframework.security.config.annotation.authentication.configuration.InitializeUserDetailsBeanManagerConfigurer$InitializeUserDetailsManagerConfigurer [restartedMain] Global AuthenticationManager configured with UserDetailsService bean with name accountService
2025-09-05 21:28:03,639 [INFO] org.springframework.boot.autoconfigure.h2.H2ConsoleAutoConfiguration [restartedMain] H2 console available at '/db-console'. Database available at 'jdbc:h2:file:./db/gallery'
2025-09-05 21:28:03,644 [INFO] org.springframework.boot.devtools.autoconfigure.OptionalLiveReloadServer [restartedMain] LiveReload server is running on port 35729
2025-09-05 21:28:03,647 [INFO] org.springframework.boot.web.embedded.tomcat.TomcatWebServer [restartedMain] Tomcat started on port 8080 (http) with context path '/'
2025-09-05 21:28:03,648 [INFO] org.omnera.GalleryApp.GalleryAppApplication [restartedMain] Started GalleryAppApplication in 0.257 seconds (process running for 328.085)
2025-09-05 21:28:03,896 [INFO] org.springframework.boot.devtools.autoconfigure.ConditionEvaluationDeltaLoggingListener [restartedMain] Condition evaluation unchanged
2025-09-05 21:28:55,638 [INFO] org.springframework.boot.devtools.autoconfigure.LocalDevToolsAutoConfiguration$RestartingClassPathChangeChangedEventListener [File Watcher] Restarting due to 1 class path change (0 additions, 0 deletions, 1 modification)
2025-09-05 21:28:55,639 [INFO] org.springframework.boot.web.embedded.tomcat.GracefulShutdown [Thread-12] Commencing graceful shutdown. Waiting for active requests to complete
2025-09-05 21:28:55,640 [INFO] org.springframework.boot.web.embedded.tomcat.GracefulShutdown [tomcat-shutdown] Graceful shutdown complete
2025-09-05 21:28:55,641 [INFO] org.springframework.orm.jpa.LocalContainerEntityManagerFactoryBean [Thread-12] Closing JPA EntityManagerFactory for persistence unit 'default'
2025-09-05 21:28:55,643 [INFO] com.zaxxer.hikari.HikariDataSource [Thread-12] HikariPool-3 - Shutdown initiated...
2025-09-05 21:28:55,652 [INFO] com.zaxxer.hikari.HikariDataSource [Thread-12] HikariPool-3 - Shutdown completed.
2025-09-05 21:28:55,688 [INFO] org.omnera.GalleryApp.GalleryAppApplication [restartedMain] Starting GalleryAppApplication using Java 17.0.16 with PID 2433 (/Users/pankaj/spring projects/GalleryApp/target/classes started by pankaj in /Users/pankaj/spring projects/GalleryApp)
2025-09-05 21:28:55,689 [DEBUG] org.omnera.GalleryApp.GalleryAppApplication [restartedMain] Running with Spring Boot v3.5.5, Spring v6.2.10
2025-09-05 21:28:55,689 [INFO] org.omnera.GalleryApp.GalleryAppApplication [restartedMain] No active profile set, falling back to 1 default profile: "default"
2025-09-05 21:28:55,730 [INFO] org.springframework.data.repository.config.RepositoryConfigurationDelegate [restartedMain] Bootstrapping Spring Data JPA repositories in DEFAULT mode.
2025-09-05 21:28:55,734 [INFO] org.springframework.data.repository.config.RepositoryConfigurationDelegate [restartedMain] Finished Spring Data repository scanning in 2 ms. Found 3 JPA repository interfaces.
2025-09-05 21:28:55,766 [INFO] org.springframework.boot.web.embedded.tomcat.TomcatWebServer [restartedMain] Tomcat initialized with port 8080 (http)
2025-09-05 21:28:55,767 [INFO] org.apache.catalina.core.StandardService [restartedMain] Starting service [Tomcat]
2025-09-05 21:28:55,767 [INFO] org.apache.catalina.core.StandardEngine [restartedMain] Starting Servlet engine: [Apache Tomcat/10.1.44]
2025-09-05 21:28:55,770 [INFO] org.apache.catalina.core.ContainerBase.[Tomcat].[localhost].[/] [restartedMain] Initializing Spring embedded WebApplicationContext
2025-09-05 21:28:55,771 [INFO] org.springframework.boot.web.servlet.context.ServletWebServerApplicationContext [restartedMain] Root WebApplicationContext: initialization completed in 82 ms
2025-09-05 21:28:55,783 [INFO] org.hibernate.jpa.internal.util.LogHelper [restartedMain] HHH000204: Processing PersistenceUnitInfo [name: default]
2025-09-05 21:28:55,784 [INFO] org.hibernate.cache.internal.RegionFactoryInitiator [restartedMain] HHH000026: Second-level cache disabled
2025-09-05 21:28:55,787 [INFO] org.springframework.orm.jpa.persistenceunit.SpringPersistenceUnitInfo [restartedMain] No LoadTimeWeaver setup: ignoring JPA class transformer
2025-09-05 21:28:55,787 [INFO] com.zaxxer.hikari.HikariDataSource [restartedMain] HikariPool-4 - Starting...
2025-09-05 21:28:55,791 [INFO] com.zaxxer.hikari.pool.HikariPool [restartedMain] HikariPool-4 - Added connection conn30: url=jdbc:h2:file:./db/gallery user=ADMIN
2025-09-05 21:28:55,791 [INFO] com.zaxxer.hikari.HikariDataSource [restartedMain] HikariPool-4 - Start completed.
2025-09-05 21:28:55,792 [INFO] org.hibernate.orm.connections.pooling [restartedMain] HHH10001005: Database info:
	Database JDBC URL [Connecting through datasource 'HikariDataSource (HikariPool-4)']
	Database driver: undefined/unknown
	Database version: 2.3.232
	Autocommit mode: undefined/unknown
	Isolation level: undefined/unknown
	Minimum pool size: undefined/unknown
	Maximum pool size: undefined/unknown
2025-09-05 21:28:55,821 [INFO] org.hibernate.engine.transaction.jta.platform.internal.JtaPlatformInitiator [restartedMain] HHH000489: No JTA platform available (set 'hibernate.transaction.jta.platform' to enable JTA platform integration)
2025-09-05 21:28:55,824 [INFO] org.springframework.orm.jpa.LocalContainerEntityManagerFactoryBean [restartedMain] Initialized JPA EntityManagerFactory for persistence unit 'default'
2025-09-05 21:28:55,882 [INFO] org.springframework.security.config.annotation.authentication.configuration.InitializeUserDetailsBeanManagerConfigurer$InitializeUserDetailsManagerConfigurer [restartedMain] Global AuthenticationManager configured with UserDetailsService bean with name accountService
2025-09-05 21:28:55,907 [INFO] org.springframework.boot.autoconfigure.h2.H2ConsoleAutoConfiguration [restartedMain] H2 console available at '/db-console'. Database available at 'jdbc:h2:file:./db/gallery'
2025-09-05 21:28:55,912 [INFO] org.springframework.boot.devtools.autoconfigure.OptionalLiveReloadServer [restartedMain] LiveReload server is running on port 35729
2025-09-05 21:28:55,914 [INFO] org.springframework.boot.web.embedded.tomcat.TomcatWebServer [restartedMain] Tomcat started on port 8080 (http) with context path '/'
2025-09-05 21:28:55,916 [INFO] org.omnera.GalleryApp.GalleryAppApplication [restartedMain] Started GalleryAppApplication in 0.238 seconds (process running for 380.353)
2025-09-05 21:28:56,145 [INFO] org.springframework.boot.devtools.autoconfigure.ConditionEvaluationDeltaLoggingListener [restartedMain] Condition evaluation unchanged
2025-09-05 21:28:58,332 [INFO] org.springframework.boot.devtools.autoconfigure.LocalDevToolsAutoConfiguration$RestartingClassPathChangeChangedEventListener [File Watcher] Restarting due to 1 class path change (0 additions, 0 deletions, 1 modification)
2025-09-05 21:28:58,333 [INFO] org.springframework.boot.web.embedded.tomcat.GracefulShutdown [Thread-16] Commencing graceful shutdown. Waiting for active requests to complete
2025-09-05 21:28:58,334 [INFO] org.springframework.boot.web.embedded.tomcat.GracefulShutdown [tomcat-shutdown] Graceful shutdown complete
2025-09-05 21:28:58,335 [INFO] org.springframework.orm.jpa.LocalContainerEntityManagerFactoryBean [Thread-16] Closing JPA EntityManagerFactory for persistence unit 'default'
2025-09-05 21:28:58,336 [INFO] com.zaxxer.hikari.HikariDataSource [Thread-16] HikariPool-4 - Shutdown initiated...
2025-09-05 21:28:58,346 [INFO] com.zaxxer.hikari.HikariDataSource [Thread-16] HikariPool-4 - Shutdown completed.
2025-09-05 21:28:58,378 [INFO] org.omnera.GalleryApp.GalleryAppApplication [restartedMain] Starting GalleryAppApplication using Java 17.0.16 with PID 2433 (/Users/pankaj/spring projects/GalleryApp/target/classes started by pankaj in /Users/pankaj/spring projects/GalleryApp)
2025-09-05 21:28:58,378 [DEBUG] org.omnera.GalleryApp.GalleryAppApplication [restartedMain] Running with Spring Boot v3.5.5, Spring v6.2.10
2025-09-05 21:28:58,378 [INFO] org.omnera.GalleryApp.GalleryAppApplication [restartedMain] No active profile set, falling back to 1 default profile: "default"
2025-09-05 21:28:58,415 [INFO] org.springframework.data.repository.config.RepositoryConfigurationDelegate [restartedMain] Bootstrapping Spring Data JPA repositories in DEFAULT mode.
2025-09-05 21:28:58,419 [INFO] org.springframework.data.repository.config.RepositoryConfigurationDelegate [restartedMain] Finished Spring Data repository scanning in 3 ms. Found 3 JPA repository interfaces.
2025-09-05 21:28:58,445 [INFO] org.springframework.boot.web.embedded.tomcat.TomcatWebServer [restartedMain] Tomcat initialized with port 8080 (http)
2025-09-05 21:28:58,445 [INFO] org.apache.catalina.core.StandardService [restartedMain] Starting service [Tomcat]
2025-09-05 21:28:58,445 [INFO] org.apache.catalina.core.StandardEngine [restartedMain] Starting Servlet engine: [Apache Tomcat/10.1.44]
2025-09-05 21:28:58,448 [INFO] org.apache.catalina.core.ContainerBase.[Tomcat].[localhost].[/] [restartedMain] Initializing Spring embedded WebApplicationContext
2025-09-05 21:28:58,449 [INFO] org.springframework.boot.web.servlet.context.ServletWebServerApplicationContext [restartedMain] Root WebApplicationContext: initialization completed in 70 ms
2025-09-05 21:28:58,461 [INFO] org.hibernate.jpa.internal.util.LogHelper [restartedMain] HHH000204: Processing PersistenceUnitInfo [name: default]
2025-09-05 21:28:58,461 [INFO] org.hibernate.cache.internal.RegionFactoryInitiator [restartedMain] HHH000026: Second-level cache disabled
2025-09-05 21:28:58,463 [INFO] org.springframework.orm.jpa.persistenceunit.SpringPersistenceUnitInfo [restartedMain] No LoadTimeWeaver setup: ignoring JPA class transformer
2025-09-05 21:28:58,463 [INFO] com.zaxxer.hikari.HikariDataSource [restartedMain] HikariPool-5 - Starting...
2025-09-05 21:28:58,465 [INFO] com.zaxxer.hikari.pool.HikariPool [restartedMain] HikariPool-5 - Added connection conn40: url=jdbc:h2:file:./db/gallery user=ADMIN
2025-09-05 21:28:58,465 [INFO] com.zaxxer.hikari.HikariDataSource [restartedMain] HikariPool-5 - Start completed.
2025-09-05 21:28:58,465 [INFO] org.hibernate.orm.connections.pooling [restartedMain] HHH10001005: Database info:
	Database JDBC URL [Connecting through datasource 'HikariDataSource (HikariPool-5)']
	Database driver: undefined/unknown
	Database version: 2.3.232
	Autocommit mode: undefined/unknown
	Isolation level: undefined/unknown
	Minimum pool size: undefined/unknown
	Maximum pool size: undefined/unknown
2025-09-05 21:28:58,488 [INFO] org.hibernate.engine.transaction.jta.platform.internal.JtaPlatformInitiator [restartedMain] HHH000489: No JTA platform available (set 'hibernate.transaction.jta.platform' to enable JTA platform integration)
2025-09-05 21:28:58,491 [INFO] org.springframework.orm.jpa.LocalContainerEntityManagerFactoryBean [restartedMain] Initialized JPA EntityManagerFactory for persistence unit 'default'
2025-09-05 21:28:58,544 [INFO] org.springframework.security.config.annotation.authentication.configuration.InitializeUserDetailsBeanManagerConfigurer$InitializeUserDetailsManagerConfigurer [restartedMain] Global AuthenticationManager configured with UserDetailsService bean with name accountService
2025-09-05 21:28:58,567 [INFO] org.springframework.boot.autoconfigure.h2.H2ConsoleAutoConfiguration [restartedMain] H2 console available at '/db-console'. Database available at 'jdbc:h2:file:./db/gallery'
2025-09-05 21:28:58,572 [INFO] org.springframework.boot.devtools.autoconfigure.OptionalLiveReloadServer [restartedMain] LiveReload server is running on port 35729
2025-09-05 21:28:58,575 [INFO] org.springframework.boot.web.embedded.tomcat.TomcatWebServer [restartedMain] Tomcat started on port 8080 (http) with context path '/'
2025-09-05 21:28:58,576 [INFO] org.omnera.GalleryApp.GalleryAppApplication [restartedMain] Started GalleryAppApplication in 0.207 seconds (process running for 383.013)
2025-09-05 21:28:58,803 [INFO] org.springframework.boot.devtools.autoconfigure.ConditionEvaluationDeltaLoggingListener [restartedMain] Condition evaluation unchanged
2025-09-05 21:29:04,039 [INFO] org.apache.catalina.core.ContainerBase.[Tomcat].[localhost].[/] [http-nio-8080-exec-1] Initializing Spring DispatcherServlet 'dispatcherServlet'
2025-09-05 21:29:04,040 [INFO] org.springframework.web.servlet.DispatcherServlet [http-nio-8080-exec-1] Initializing Servlet 'dispatcherServlet'
2025-09-05 21:29:04,042 [INFO] org.springframework.web.servlet.DispatcherServlet [http-nio-8080-exec-1] Completed initialization in 1 ms
2025-09-05 21:29:04,045 [DEBUG] org.omnera.GalleryApp.controller.HomeRestController [http-nio-8080-exec-1] this is a test error log
2025-09-05 21:29:05,024 [DEBUG] org.omnera.GalleryApp.controller.HomeRestController [http-nio-8080-exec-2] this is a test error log
2025-09-05 21:29:07,027 [DEBUG] org.omnera.GalleryApp.controller.HomeRestController [http-nio-8080-exec-3] this is a test error log
2025-09-05 21:44:42,485 [INFO] org.springframework.boot.devtools.autoconfigure.LocalDevToolsAutoConfiguration$RestartingClassPathChangeChangedEventListener [File Watcher] Restarting due to 1 class path change (0 additions, 0 deletions, 1 modification)
2025-09-05 21:44:42,486 [INFO] org.springframework.boot.web.embedded.tomcat.GracefulShutdown [Thread-20] Commencing graceful shutdown. Waiting for active requests to complete
2025-09-05 21:44:42,488 [INFO] org.springframework.boot.web.embedded.tomcat.GracefulShutdown [tomcat-shutdown] Graceful shutdown complete
2025-09-05 21:44:42,489 [INFO] org.springframework.orm.jpa.LocalContainerEntityManagerFactoryBean [Thread-20] Closing JPA EntityManagerFactory for persistence unit 'default'
2025-09-05 21:44:42,491 [INFO] com.zaxxer.hikari.HikariDataSource [Thread-20] HikariPool-5 - Shutdown initiated...
2025-09-05 21:44:42,576 [INFO] com.zaxxer.hikari.HikariDataSource [Thread-20] HikariPool-5 - Shutdown completed.
2025-09-05 21:44:42,615 [INFO] org.omnera.GalleryApp.GalleryAppApplication [restartedMain] Starting GalleryAppApplication using Java 17.0.16 with PID 2433 (/Users/pankaj/spring projects/GalleryApp/target/classes started by pankaj in /Users/pankaj/spring projects/GalleryApp)
2025-09-05 21:44:42,615 [DEBUG] org.omnera.GalleryApp.GalleryAppApplication [restartedMain] Running with Spring Boot v3.5.5, Spring v6.2.10
2025-09-05 21:44:42,615 [INFO] org.omnera.GalleryApp.GalleryAppApplication [restartedMain] No active profile set, falling back to 1 default profile: "default"
2025-09-05 21:44:42,650 [INFO] org.springframework.data.repository.config.RepositoryConfigurationDelegate [restartedMain] Bootstrapping Spring Data JPA repositories in DEFAULT mode.
2025-09-05 21:44:42,653 [INFO] org.springframework.data.repository.config.RepositoryConfigurationDelegate [restartedMain] Finished Spring Data repository scanning in 2 ms. Found 3 JPA repository interfaces.
2025-09-05 21:44:42,676 [INFO] org.springframework.boot.web.embedded.tomcat.TomcatWebServer [restartedMain] Tomcat initialized with port 8080 (http)
2025-09-05 21:44:42,676 [INFO] org.apache.catalina.core.StandardService [restartedMain] Starting service [Tomcat]
2025-09-05 21:44:42,676 [INFO] org.apache.catalina.core.StandardEngine [restartedMain] Starting Servlet engine: [Apache Tomcat/10.1.44]
2025-09-05 21:44:42,680 [INFO] org.apache.catalina.core.ContainerBase.[Tomcat].[localhost].[/] [restartedMain] Initializing Spring embedded WebApplicationContext
2025-09-05 21:44:42,680 [INFO] org.springframework.boot.web.servlet.context.ServletWebServerApplicationContext [restartedMain] Root WebApplicationContext: initialization completed in 64 ms
2025-09-05 21:44:42,690 [INFO] org.hibernate.jpa.internal.util.LogHelper [restartedMain] HHH000204: Processing PersistenceUnitInfo [name: default]
2025-09-05 21:44:42,690 [INFO] org.hibernate.cache.internal.RegionFactoryInitiator [restartedMain] HHH000026: Second-level cache disabled
2025-09-05 21:44:42,692 [INFO] org.springframework.orm.jpa.persistenceunit.SpringPersistenceUnitInfo [restartedMain] No LoadTimeWeaver setup: ignoring JPA class transformer
2025-09-05 21:44:42,692 [INFO] com.zaxxer.hikari.HikariDataSource [restartedMain] HikariPool-6 - Starting...
2025-09-05 21:44:42,694 [INFO] com.zaxxer.hikari.pool.HikariPool [restartedMain] HikariPool-6 - Added connection conn50: url=jdbc:h2:file:./db/gallery user=ADMIN
2025-09-05 21:44:42,694 [INFO] com.zaxxer.hikari.HikariDataSource [restartedMain] HikariPool-6 - Start completed.
2025-09-05 21:44:42,694 [INFO] org.hibernate.orm.connections.pooling [restartedMain] HHH10001005: Database info:
	Database JDBC URL [Connecting through datasource 'HikariDataSource (HikariPool-6)']
	Database driver: undefined/unknown
	Database version: 2.3.232
	Autocommit mode: undefined/unknown
	Isolation level: undefined/unknown
	Minimum pool size: undefined/unknown
	Maximum pool size: undefined/unknown
2025-09-05 21:44:42,714 [INFO] org.hibernate.engine.transaction.jta.platform.internal.JtaPlatformInitiator [restartedMain] HHH000489: No JTA platform available (set 'hibernate.transaction.jta.platform' to enable JTA platform integration)
2025-09-05 21:44:42,717 [INFO] org.springframework.orm.jpa.LocalContainerEntityManagerFactoryBean [restartedMain] Initialized JPA EntityManagerFactory for persistence unit 'default'
2025-09-05 21:44:42,763 [INFO] org.springframework.security.config.annotation.authentication.configuration.InitializeUserDetailsBeanManagerConfigurer$InitializeUserDetailsManagerConfigurer [restartedMain] Global AuthenticationManager configured with UserDetailsService bean with name accountService
2025-09-05 21:44:42,785 [INFO] org.springframework.boot.autoconfigure.h2.H2ConsoleAutoConfiguration [restartedMain] H2 console available at '/db-console'. Database available at 'jdbc:h2:file:./db/gallery'
2025-09-05 21:44:42,790 [INFO] org.springframework.boot.devtools.autoconfigure.OptionalLiveReloadServer [restartedMain] LiveReload server is running on port 35729
2025-09-05 21:44:42,792 [INFO] org.springframework.boot.web.embedded.tomcat.TomcatWebServer [restartedMain] Tomcat started on port 8080 (http) with context path '/'
2025-09-05 21:44:42,793 [INFO] org.omnera.GalleryApp.GalleryAppApplication [restartedMain] Started GalleryAppApplication in 0.188 seconds (process running for 1327.23)
2025-09-05 21:44:43,022 [INFO] org.springframework.boot.devtools.autoconfigure.ConditionEvaluationDeltaLoggingListener [restartedMain] Condition evaluation unchanged
2025-09-05 23:06:17,531 [INFO] org.springframework.boot.devtools.autoconfigure.LocalDevToolsAutoConfiguration$RestartingClassPathChangeChangedEventListener [File Watcher] Restarting due to 1 class path change (0 additions, 0 deletions, 1 modification)
2025-09-05 23:06:17,534 [INFO] org.springframework.boot.web.embedded.tomcat.GracefulShutdown [Thread-24] Commencing graceful shutdown. Waiting for active requests to complete
2025-09-05 23:06:17,537 [INFO] org.springframework.boot.web.embedded.tomcat.GracefulShutdown [tomcat-shutdown] Graceful shutdown complete
2025-09-05 23:06:17,539 [INFO] org.springframework.orm.jpa.LocalContainerEntityManagerFactoryBean [Thread-24] Closing JPA EntityManagerFactory for persistence unit 'default'
2025-09-05 23:06:17,542 [INFO] com.zaxxer.hikari.HikariDataSource [Thread-24] HikariPool-6 - Shutdown initiated...
2025-09-05 23:06:17,617 [INFO] com.zaxxer.hikari.HikariDataSource [Thread-24] HikariPool-6 - Shutdown completed.
2025-09-05 23:06:17,650 [INFO] org.omnera.GalleryApp.GalleryAppApplication [restartedMain] Starting GalleryAppApplication using Java 17.0.16 with PID 2433 (/Users/pankaj/spring projects/GalleryApp/target/classes started by pankaj in /Users/pankaj/spring projects/GalleryApp)
2025-09-05 23:06:17,650 [DEBUG] org.omnera.GalleryApp.GalleryAppApplication [restartedMain] Running with Spring Boot v3.5.5, Spring v6.2.10
2025-09-05 23:06:17,650 [INFO] org.omnera.GalleryApp.GalleryAppApplication [restartedMain] No active profile set, falling back to 1 default profile: "default"
2025-09-05 23:06:17,724 [INFO] org.springframework.data.repository.config.RepositoryConfigurationDelegate [restartedMain] Bootstrapping Spring Data JPA repositories in DEFAULT mode.
2025-09-05 23:06:17,729 [INFO] org.springframework.data.repository.config.RepositoryConfigurationDelegate [restartedMain] Finished Spring Data repository scanning in 4 ms. Found 3 JPA repository interfaces.
2025-09-05 23:06:17,778 [INFO] org.springframework.boot.web.embedded.tomcat.TomcatWebServer [restartedMain] Tomcat initialized with port 8080 (http)
2025-09-05 23:06:17,779 [INFO] org.apache.catalina.core.StandardService [restartedMain] Starting service [Tomcat]
2025-09-05 23:06:17,779 [INFO] org.apache.catalina.core.StandardEngine [restartedMain] Starting Servlet engine: [Apache Tomcat/10.1.44]
2025-09-05 23:06:17,784 [INFO] org.apache.catalina.core.ContainerBase.[Tomcat].[localhost].[/] [restartedMain] Initializing Spring embedded WebApplicationContext
2025-09-05 23:06:17,784 [INFO] org.springframework.boot.web.servlet.context.ServletWebServerApplicationContext [restartedMain] Root WebApplicationContext: initialization completed in 130 ms
2025-09-05 23:06:17,807 [INFO] org.hibernate.jpa.internal.util.LogHelper [restartedMain] HHH000204: Processing PersistenceUnitInfo [name: default]
2025-09-05 23:06:17,808 [INFO] org.hibernate.cache.internal.RegionFactoryInitiator [restartedMain] HHH000026: Second-level cache disabled
2025-09-05 23:06:17,811 [INFO] org.springframework.orm.jpa.persistenceunit.SpringPersistenceUnitInfo [restartedMain] No LoadTimeWeaver setup: ignoring JPA class transformer
2025-09-05 23:06:17,812 [INFO] com.zaxxer.hikari.HikariDataSource [restartedMain] HikariPool-7 - Starting...
2025-09-05 23:06:17,814 [INFO] com.zaxxer.hikari.pool.HikariPool [restartedMain] HikariPool-7 - Added connection conn87: url=jdbc:h2:file:./db/gallery user=ADMIN
2025-09-05 23:06:17,815 [INFO] com.zaxxer.hikari.HikariDataSource [restartedMain] HikariPool-7 - Start completed.
2025-09-05 23:06:17,815 [INFO] org.hibernate.orm.connections.pooling [restartedMain] HHH10001005: Database info:
	Database JDBC URL [Connecting through datasource 'HikariDataSource (HikariPool-7)']
	Database driver: undefined/unknown
	Database version: 2.3.232
	Autocommit mode: undefined/unknown
	Isolation level: undefined/unknown
	Minimum pool size: undefined/unknown
	Maximum pool size: undefined/unknown
2025-09-05 23:06:17,847 [INFO] org.hibernate.engine.transaction.jta.platform.internal.JtaPlatformInitiator [restartedMain] HHH000489: No JTA platform available (set 'hibernate.transaction.jta.platform' to enable JTA platform integration)
2025-09-05 23:06:17,851 [INFO] org.springframework.orm.jpa.LocalContainerEntityManagerFactoryBean [restartedMain] Initialized JPA EntityManagerFactory for persistence unit 'default'
2025-09-05 23:06:17,914 [INFO] org.springframework.security.config.annotation.authentication.configuration.InitializeUserDetailsBeanManagerConfigurer$InitializeUserDetailsManagerConfigurer [restartedMain] Global AuthenticationManager configured with UserDetailsService bean with name accountService
2025-09-05 23:06:17,946 [INFO] org.springframework.boot.autoconfigure.h2.H2ConsoleAutoConfiguration [restartedMain] H2 console available at '/db-console'. Database available at 'jdbc:h2:file:./db/gallery'
2025-09-05 23:06:17,952 [INFO] org.springframework.boot.devtools.autoconfigure.OptionalLiveReloadServer [restartedMain] LiveReload server is running on port 35729
2025-09-05 23:06:17,954 [INFO] org.springframework.boot.web.embedded.tomcat.TomcatWebServer [restartedMain] Tomcat started on port 8080 (http) with context path '/'
2025-09-05 23:06:17,955 [INFO] org.omnera.GalleryApp.GalleryAppApplication [restartedMain] Started GalleryAppApplication in 0.314 seconds (process running for 6222.387)
2025-09-05 23:06:18,182 [INFO] org.springframework.boot.devtools.autoconfigure.ConditionEvaluationDeltaLoggingListener [restartedMain] Condition evaluation unchanged
2025-09-05 23:31:52,107 [INFO] org.springframework.boot.devtools.autoconfigure.LocalDevToolsAutoConfiguration$RestartingClassPathChangeChangedEventListener [File Watcher] Restarting due to 1 class path change (0 additions, 0 deletions, 1 modification)
2025-09-05 23:31:52,107 [INFO] org.springframework.boot.web.embedded.tomcat.GracefulShutdown [Thread-28] Commencing graceful shutdown. Waiting for active requests to complete
2025-09-05 23:31:52,108 [INFO] org.springframework.boot.web.embedded.tomcat.GracefulShutdown [tomcat-shutdown] Graceful shutdown complete
2025-09-05 23:31:52,109 [INFO] org.springframework.orm.jpa.LocalContainerEntityManagerFactoryBean [Thread-28] Closing JPA EntityManagerFactory for persistence unit 'default'
2025-09-05 23:31:52,109 [INFO] com.zaxxer.hikari.HikariDataSource [Thread-28] HikariPool-7 - Shutdown initiated...
2025-09-05 23:31:52,189 [INFO] com.zaxxer.hikari.HikariDataSource [Thread-28] HikariPool-7 - Shutdown completed.
